0 info it worked if it ends with ok
1 verbose cli [ '/usr/local/bin/node', '/usr/local/bin/npm', 'publish' ]
2 info using npm@4.0.5
3 info using node@v6.9.2
4 verbose publish [ '.' ]
5 silly cache add args [ '.', null ]
6 verbose cache add spec .
7 silly cache add parsed spec Result {
7 silly cache add   raw: '.',
7 silly cache add   scope: null,
7 silly cache add   escapedName: null,
7 silly cache add   name: null,
7 silly cache add   rawSpec: '.',
7 silly cache add   spec: '/Users/lucascassiano/Documents/react-cubeview',
7 silly cache add   type: 'directory' }
8 verbose addLocalDirectory /Users/lucascassiano/.npm/react-cubeview/2.2.0/package.tgz not in flight; packing
9 verbose correctMkdir /Users/lucascassiano/.npm correctMkdir not in flight; initializing
10 info lifecycle react-cubeview@2.2.0~prepublish: react-cubeview@2.2.0
11 silly lifecycle react-cubeview@2.2.0~prepublish: no script for prepublish, continuing
12 info lifecycle react-cubeview@2.2.0~prepare: react-cubeview@2.2.0
13 silly lifecycle react-cubeview@2.2.0~prepare: no script for prepare, continuing
14 verbose tar pack [ '/Users/lucascassiano/.npm/react-cubeview/2.2.0/package.tgz',
14 verbose tar pack   '/Users/lucascassiano/Documents/react-cubeview' ]
15 verbose tarball /Users/lucascassiano/.npm/react-cubeview/2.2.0/package.tgz
16 verbose folder /Users/lucascassiano/Documents/react-cubeview
17 verbose addLocalTarball adding from inside cache /Users/lucascassiano/.npm/react-cubeview/2.2.0/package.tgz
18 verbose correctMkdir /Users/lucascassiano/.npm correctMkdir not in flight; initializing
19 silly cache afterAdd react-cubeview@2.2.0
20 verbose afterAdd /Users/lucascassiano/.npm/react-cubeview/2.2.0/package/package.json not in flight; writing
21 verbose correctMkdir /Users/lucascassiano/.npm correctMkdir not in flight; initializing
22 verbose afterAdd /Users/lucascassiano/.npm/react-cubeview/2.2.0/package/package.json written
23 silly publish { name: 'react-cubeview',
23 silly publish   version: '2.2.0',
23 silly publish   description: 'react-cubeview React component',
23 silly publish   main: 'lib/index.js',
23 silly publish   module: 'es/index.js',
23 silly publish   files: [ 'css', 'es', 'lib', 'umd' ],
23 silly publish   scripts:
23 silly publish    { build: 'nwb build-react-component',
23 silly publish      clean: 'nwb clean-module && nwb clean-demo',
23 silly publish      start: 'nwb serve-react-demo',
23 silly publish      test: 'nwb test-react',
23 silly publish      'test:coverage': 'nwb test-react --coverage',
23 silly publish      'test:watch': 'nwb test-react --server' },
23 silly publish   dependencies: { 'react-sizeme': '^2.3.6', three: '^0.88.0' },
23 silly publish   peerDependencies: { react: '15.x' },
23 silly publish   devDependencies: { nwb: '0.19.x', react: '^16.0.0', 'react-dom': '^16.0.0' },
23 silly publish   author: '',
23 silly publish   homepage: '',
23 silly publish   license: 'MIT',
23 silly publish   repository: '',
23 silly publish   keywords: [ 'react-component' ],
23 silly publish   readme: '# react-cubeview\n\n3D camera controller - based on autodesk\'s Fusion360 cube view \n\n![alt text](https://github.com/lucascassiano/react-cubeview/raw/master/docs/cubeview.gif)\n\n## UI Reference\nThis UI Component is based on Autodesk\'s Cube view controller from Fusion360 (and many other Autodesk Solutions like ecad.io):\n\n![original cube](https://github.com/lucascassiano/react-cubeview/raw/master/docs/original.gif)\n\n## Details\nThis component uses a \'hacked\' version of the three.js orbit controls. I just added few methods to make the callbacks simpler.\n\n## Demo & Examples\n\nLive demo: [lucascassiano.github.io/react-cubeview](http://lucascassiano.github.io/react-cubeview/)\n\nTo build the examples locally, run:\n\n```\nnpm install\nnpm start\n```\n\nThen open [`localhost:8000`](http://localhost:8000) in a browser.\n\n## Installation\n\n```\nnpm install react-cubeview --save\n```\n\n## Usage\n\n```js\nimport CubeView from \'react-cubeview\';\n\n//render()...\n\n<CubeView \n    aspect={1} \n    hoverColor={0x0088FF} \n    cubeSize={2} \n    zoom={6} \n    antialias={true} \n    onUpdateAngles={this.updateAngles} \n/>\n```\n\n### Callback - onUpdateAngles\n\n```js\nfunction myCustomCallback(phi, theta){\n    //...\n    update main camera\n    //...\n}\n```\n\n### Notes\nTODO\n\n- Add controls for 90ยบ rotations\n- Improve OrbitControls.js\n\n## License\n\nMIT\n\nCopyright (c) 2017 lucascassiano.\n\n',
23 silly publish   readmeFilename: 'README.md',
23 silly publish   gitHead: 'e643eb36328081774fadd08ec383854a74094f5a',
23 silly publish   _id: 'react-cubeview@2.2.0',
23 silly publish   _shasum: 'e482117f78a8e2b9fd4d08cede2bc044d93193c6',
23 silly publish   _from: '.' }
24 info lifecycle react-cubeview@2.2.0~prepublishOnly: react-cubeview@2.2.0
25 silly lifecycle react-cubeview@2.2.0~prepublishOnly: no script for prepublishOnly, continuing
26 verbose getPublishConfig undefined
27 silly mapToRegistry name react-cubeview
28 silly mapToRegistry using default registry
29 silly mapToRegistry registry http://registry.npmjs.org/
30 silly mapToRegistry data Result {
30 silly mapToRegistry   raw: 'react-cubeview',
30 silly mapToRegistry   scope: null,
30 silly mapToRegistry   escapedName: 'react-cubeview',
30 silly mapToRegistry   name: 'react-cubeview',
30 silly mapToRegistry   rawSpec: '',
30 silly mapToRegistry   spec: 'latest',
30 silly mapToRegistry   type: 'tag' }
31 silly mapToRegistry uri http://registry.npmjs.org/react-cubeview
32 verbose publish registryBase http://registry.npmjs.org/
33 silly publish uploading /Users/lucascassiano/.npm/react-cubeview/2.2.0/package.tgz
34 verbose request uri http://registry.npmjs.org/react-cubeview
35 verbose request sending authorization for write operation
36 info attempt registry request try #1 at 4:16:19 PM
37 verbose request using bearer token for auth
38 verbose request id 23f778cca48773ab
39 http request PUT http://registry.npmjs.org/react-cubeview
40 http 403 http://registry.npmjs.org/react-cubeview
41 verbose headers { 'content-type': 'application/json',
41 verbose headers   'cache-control': 'max-age=300',
41 verbose headers   'content-length': '91',
41 verbose headers   'accept-ranges': 'bytes',
41 verbose headers   date: 'Fri, 03 Nov 2017 20:16:20 GMT',
41 verbose headers   via: '1.1 varnish',
41 verbose headers   connection: 'keep-alive',
41 verbose headers   'x-served-by': 'cache-bos8235-BOS',
41 verbose headers   'x-cache': 'MISS',
41 verbose headers   'x-cache-hits': '0',
41 verbose headers   'x-timer': 'S1509740180.005970,VS0,VE797',
41 verbose headers   vary: 'Accept-Encoding, Accept' }
42 verbose request invalidating /Users/lucascassiano/.npm/registry.npmjs.org/react-cubeview on PUT
43 error publish Failed PUT 403
44 verbose stack Error: You cannot publish over the previously published version 2.2.0. : react-cubeview
44 verbose stack     at makeError (/usr/local/lib/node_modules/npm/node_modules/npm-registry-client/lib/request.js:302:12)
44 verbose stack     at CachingRegistryClient.<anonymous> (/usr/local/lib/node_modules/npm/node_modules/npm-registry-client/lib/request.js:290:14)
44 verbose stack     at Request._callback (/usr/local/lib/node_modules/npm/node_modules/npm-registry-client/lib/request.js:210:14)
44 verbose stack     at Request.self.callback (/usr/local/lib/node_modules/npm/node_modules/request/request.js:186:22)
44 verbose stack     at emitTwo (events.js:106:13)
44 verbose stack     at Request.emit (events.js:191:7)
44 verbose stack     at Request.<anonymous> (/usr/local/lib/node_modules/npm/node_modules/request/request.js:1081:10)
44 verbose stack     at emitOne (events.js:96:13)
44 verbose stack     at Request.emit (events.js:188:7)
44 verbose stack     at IncomingMessage.<anonymous> (/usr/local/lib/node_modules/npm/node_modules/request/request.js:1001:12)
45 verbose statusCode 403
46 verbose pkgid react-cubeview
47 verbose cwd /Users/lucascassiano/Documents/react-cubeview
48 error Darwin 16.7.0
49 error argv "/usr/local/bin/node" "/usr/local/bin/npm" "publish"
50 error node v6.9.2
51 error npm  v4.0.5
52 error code E403
53 error You cannot publish over the previously published version 2.2.0. : react-cubeview
54 error If you need help, you may report this error at:
54 error     <https://github.com/npm/npm/issues>
55 verbose exit [ 1, true ]
